Build started 19/10/2015 18:38:34.
     1>Project "C:\Game Development\GameDevelopment 1.0\GameDevelopment 1.0\GameDevelopment 1.0.vcxproj" on node 2 (Build target(s)).
     1>ClCompile:
         C:\Program Files (x86)\Microsoft Visual Studio 14.0\VC\bin\CL.exe /c /ZI /nologo /W3 /WX- /sdl /Od /Oy- /D _MBCS /Gm /EHsc /RTC1 /MDd /GS /fp:precise /Zc:wchar_t /Zc:forScope /Zc:inline /Fo"Debug\\" /Fd"Debug\vc140.pdb" /Gd /TP /analyze- /errorReport:prompt MenuState.cpp
         MenuState.cpp
       Link:
         C:\Program Files (x86)\Microsoft Visual Studio 14.0\VC\bin\link.exe /ERRORREPORT:PROMPT /OUT:"C:\Game Development\GameDevelopment 1.0\Debug\GameDevelopment 1.0.exe" /INCREMENTAL /NOLOGO SDL2.lib SDL2main.lib SDL2_image.lib kernel32.lib user32.lib gdi32.lib winspool.lib comdlg32.lib advapi32.lib shell32.lib ole32.lib oleaut32.lib uuid.lib odbc32.lib odbccp32.lib /MANIFEST /MANIFESTUAC:"level='asInvoker' uiAccess='false'" /manifest:embed /Debug /PDB:"C:\Game Development\GameDevelopment 1.0\Debug\GameDevelopment 1.0.pdb" /SUBSYSTEM:CONSOLE /TLBID:1 /DYNAMICBASE /NXCOMPAT /IMPLIB:"C:\Game Development\GameDevelopment 1.0\Debug\GameDevelopment 1.0.lib" /MACHINE:X86 Debug\Enemy.obj
         Debug\Game.obj
         Debug\GameObject.obj
         Debug\GameState.obj
         Debug\GameStateMachine.obj
         Debug\InputHandler.obj
         Debug\LoaderParams.obj
         Debug\main.obj
         Debug\MenuButton.obj
         Debug\MenuState.obj
         Debug\Player.obj
         Debug\PlayState.obj
         Debug\SDLGameObject.obj
         Debug\TextureManager.obj
         Debug\Vector2D.obj
         GameDevelopment 1.0.vcxproj -> C:\Game Development\GameDevelopment 1.0\Debug\GameDevelopment 1.0.exe
     1>Done Building Project "C:\Game Development\GameDevelopment 1.0\GameDevelopment 1.0\GameDevelopment 1.0.vcxproj" (Build target(s)).

Build succeeded.

Time Elapsed 00:00:04.52
